<?xml version="1.0" encoding="utf-8"?><testsuites name="pytest tests"><testsuite name="pytest" errors="0" failures="0" skipped="0" tests="6" time="0.937" timestamp="2026-08-11T20:42:41.113302+00:00" hostname="agent-env-acccd766-2d0e-4108-b7da-534407704f11"><testcase classname="tests.test_api" name="test_root" time="0.165" /><testcase classname="tests.test_api" name="test_contact_post_success_and_persistence" time="0.115" /><testcase classname="tests.test_api" name="test_contact_post_invalid_email" time="0.034" /><testcase classname="tests.test_api" name="test_contact_post_missing_required" time="0.076" /><testcase classname="tests.test_api" name="test_contact_post_empty_name_or_message" time="0.038" /><testcase classname="tests.test_api" name="test_contact_list_no_object_id" time="0.036" /></testsuite></testsuites>